#
# A fatal error has been detected by the Java Runtime Environment:
#
#  EXCEPTION_ACCESS_VIOLATION (0xc0000005) at pc=0x00000000514daf58, pid=1860, tid=0x00000000000028a8
#
# JRE version: OpenJDK Runtime Environment (8.0_212-b04) (build 1.8.0_212-release-1586-b04)
# Java VM: OpenJDK 64-Bit Server VM (25.212-b04 mixed mode windows-amd64 compressed oops)
# Problematic frame:
# V  [jvm.dll+0x46af58]
#
# Failed to write core dump. Minidumps are not enabled by default on client versions of Windows
#
# If you would like to submit a bug report, please visit:
#   
#

---------------  T H R E A D  ---------------

Current thread (0x000000001a288800):  JavaThread "C2 CompilerThread2" daemon [_thread_in_native, id=10408, stack(0x000000001ad50000,0x000000001ae50000)]

siginfo: ExceptionCode=0xc0000005, reading address 0x0000000028184af4

Registers:
RAX=0x000000000000973c, RBX=0x0000000000000000, RCX=0x0000000028184a90, RDX=0x0000000000000008
RSP=0x000000001ae4c2b0, RBP=0x000000001ae4c3b0, RSI=0x0000000000000008, RDI=0x0000000000000002
R8 =0x0000000000000000, R9 =0x0000000000009739, R10=0x0000000051070000, R11=0x000000001ae4c1a0
R12=0x00000000001998e0, R13=0x0000000000003a82, R14=0x0000000051070000, R15=0x00000000000003d8
RIP=0x00000000514daf58, EFLAGS=0x0000000000010206

Top of Stack: (sp=0x000000001ae4c2b0)
0x000000001ae4c2b0:   0000000027d512b0 0000000000000000
0x000000001ae4c2c0:   000000001ae4c3b0 0000000000000008
0x000000001ae4c2d0:   0000973e00000000 0000000000000002
0x000000001ae4c2e0:   000000001c7b97e0 0000000000000098
0x000000001ae4c2f0:   000000001e64f498 000000004000003d
0x000000001ae4c300:   0000000027d45190 000000001ae4c6a0
0x000000001ae4c310:   00000000201ed118 00000000201ecd40
0x000000001ae4c320:   000000001ae4c430 00000000514a6c1f
0x000000001ae4c330:   000000001ae4c7b0 00000000201ecd30
0x000000001ae4c340:   000000001ae4c6a0 0000000000000000
0x000000001ae4c350:   0000000000000006 00000000201ecd30
0x000000001ae4c360:   0000000023cf5180 0000000023cf8490
0x000000001ae4c370:   0000000023cfd168 000000000119ac88
0x000000001ae4c380:   0000000000000006 000000001dca8610
0x000000001ae4c390:   000000001dca8610 000000001dca8620
0x000000001ae4c3a0:   000000001dca89f8 00000000000003d8 

Instructions: (pc=0x00000000514daf58)
0x00000000514daf38:   c1 eb 0f 48 8d 4c 24 20 e8 9b 46 00 00 44 8b 44
0x00000000514daf48:   24 20 85 c0 74 32 8b c8 48 6b c9 70 48 03 4d 20
0x00000000514daf58:   0f b6 41 64 48 85 db 75 15 f7 41 68 00 01 00 00
0x00000000514daf68:   75 0c 3b f8 0f 4f c7 03 f0 e9 70 ff ff ff 0f af 


Register to memory mapping:

RAX=0x000000000000973c is an unknown value
RBX=0x0000000000000000 is an unknown value
RCX=0x0000000028184a90 is an unknown value
RDX=0x0000000000000008 is an unknown value
RSP=0x000000001ae4c2b0 is pointing into the stack for thread: 0x000000001a288800
RBP=0x000000001ae4c3b0 is pointing into the stack for thread: 0x000000001a288800
RSI=0x0000000000000008 is an unknown value
RDI=0x0000000000000002 is an unknown value
R8 =0x0000000000000000 is an unknown value
R9 =0x0000000000009739 is an unknown value
R10=0x0000000051070000 is an unknown value
R11=0x000000001ae4c1a0 is pointing into the stack for thread: 0x000000001a288800
R12=0x00000000001998e0 is an unknown value
R13=0x0000000000003a82 is an unknown value
R14=0x0000000051070000 is an unknown value
R15=0x00000000000003d8 is an unknown value


Stack: [0x000000001ad50000,0x000000001ae50000],  sp=0x000000001ae4c2b0,  free space=1008k
Native frames: (J=compiled Java code, j=interpreted, Vv=VM code, C=native code)
V  [jvm.dll+0x46af58]
V  [jvm.dll+0x436c1f]
V  [jvm.dll+0x44189b]
V  [jvm.dll+0x444198]
V  [jvm.dll+0x4272e2]
V  [jvm.dll+0x81fbf]
V  [jvm.dll+0x8291f]
V  [jvm.dll+0x21db3f]
V  [jvm.dll+0x26f53a]
C  [msvcr100.dll+0x21d9f]
C  [msvcr100.dll+0x21e3b]
C  [KERNEL32.DLL+0x17bd4]
C  [ntdll.dll+0x6ce51]


Current CompileTask:
C2:   8883 5555   !   4       java.net.URLClassLoader$1::run (63 bytes)


---------------  P R O C E S S  ---------------

Java Threads: ( => current thread )
  0x0000000024ebe800 JavaThread "Cache worker for Build Output Cleanup Cache (D:\Software Backup\Android App\Working on\nipuneshop.com\.gradle\buildOutputCleanup)" [_thread_blocked, id=7288, stack(0x0000000024720000,0x0000000024820000)]
  0x0000000024ebf800 JavaThread "Build operations Thread 8" [_thread_blocked, id=13412, stack(0x00000000263c0000,0x00000000264c0000)]
  0x0000000024ebe000 JavaThread "Build operations Thread 7" [_thread_blocked, id=11892, stack(0x00000000262c0000,0x00000000263c0000)]
  0x0000000024ebd000 JavaThread "Build operations Thread 6" [_thread_blocked, id=7636, stack(0x00000000261c0000,0x00000000262c0000)]
  0x0000000024eb8000 JavaThread "Build operations Thread 5" [_thread_blocked, id=9976, stack(0x00000000260c0000,0x00000000261c0000)]
  0x0000000024ebc800 JavaThread "Build operations Thread 4" [_thread_blocked, id=8232, stack(0x0000000025fc0000,0x00000000260c0000)]
  0x0000000024eb8800 JavaThread "Build operations Thread 3" [_thread_blocked, id=6564, stack(0x0000000025ec0000,0x0000000025fc0000)]
  0x0000000024eba000 JavaThread "Build operations Thread 2" [_thread_blocked, id=10860, stack(0x0000000025dc0000,0x0000000025ec0000)]
  0x0000000024eb9800 JavaThread "Build operations" [_thread_blocked, id=8636, stack(0x0000000024a80000,0x0000000024b80000)]
  0x000000001dbfa000 JavaThread "Cache worker for execution history cache (C:\Users\mdsir\.gradle\caches\5.1.1\executionHistory)" [_thread_blocked, id=7460, stack(0x0000000022e50000,0x0000000022f50000)]
  0x000000001dbfe800 JavaThread "Cache worker for cache directory md-rule (C:\Users\mdsir\.gradle\caches\5.1.1\md-rule)" [_thread_blocked, id=9560, stack(0x00000000216b0000,0x00000000217b0000)]
  0x000000001dbfd000 JavaThread "Cache worker for cache directory md-supplier (C:\Users\mdsir\.gradle\caches\5.1.1\md-supplier)" [_thread_blocked, id=5620, stack(0x0000000021310000,0x0000000021410000)]
  0x000000001dc00000 JavaThread "Cache worker for file hash cache (D:\Software Backup\Android App\Working on\nipuneshop.com\.gradle\5.1.1\fileHashes)" [_thread_blocked, id=7976, stack(0x0000000020040000,0x0000000020140000)]
  0x000000001dbfd800 JavaThread "Cache worker for journal cache (C:\Users\mdsir\.gradle\caches\journal-1)" [_thread_blocked, id=8088, stack(0x000000001ed70000,0x000000001ee70000)]
  0x000000001c578000 JavaThread "File lock request listener" [_thread_in_native, id=920, stack(0x000000001ec70000,0x000000001ed70000)]
  0x000000001c916800 JavaThread "Cache worker for file hash cache (C:\Users\mdsir\.gradle\caches\5.1.1\fileHashes)" [_thread_blocked, id=2044, stack(0x000000001eb70000,0x000000001ec70000)]
  0x000000001c597000 JavaThread "Thread-8" [_thread_blocked, id=1256, stack(0x000000001daa0000,0x000000001dba0000)]
  0x000000001c579000 JavaThread "Stdin handler" [_thread_blocked, id=9448, stack(0x000000001d8a0000,0x000000001d9a0000)]
  0x000000001c57d800 JavaThread "Asynchronous log dispatcher for DefaultDaemonConnection: socket connection from /127.0.0.1:50353 to /127.0.0.1:50354" [_thread_blocked, id=10364, stack(0x000000001d7a0000,0x000000001d8a0000)]
  0x000000001c798800 JavaThread "Daemon worker" [_thread_in_vm, id=1896, stack(0x000000001d6a0000,0x000000001d7a0000)]
  0x000000001c599000 JavaThread "Cancel handler" [_thread_blocked, id=8064, stack(0x000000001d5a0000,0x000000001d6a0000)]
  0x000000001c615000 JavaThread "Handler for socket connection from /127.0.0.1:50353 to /127.0.0.1:50354" [_thread_in_native, id=9596, stack(0x000000001d2a0000,0x000000001d3a0000)]
  0x000000001c613800 JavaThread "Daemon" [_thread_blocked, id=9612, stack(0x000000001d1a0000,0x000000001d2a0000)]
  0x000000001c5ee800 JavaThread "Daemon periodic checks" [_thread_blocked, id=10328, stack(0x000000001d0a0000,0x000000001d1a0000)]
  0x000000001c5ed000 JavaThread "Incoming local TCP Connector on port 50353" [_thread_in_native, id=10920, stack(0x000000001ce60000,0x000000001cf60000)]
  0x000000001a310000 JavaThread "Service Thread" daemon [_thread_blocked, id=10444, stack(0x000000001af50000,0x000000001b050000)]
  0x000000001847b800 JavaThread "C1 CompilerThread3" daemon [_thread_blocked, id=10412, stack(0x000000001ae50000,0x000000001af50000)]
=>0x000000001a288800 JavaThread "C2 CompilerThread2" daemon [_thread_in_native, id=10408, stack(0x000000001ad50000,0x000000001ae50000)]
  0x000000001a286000 JavaThread "C2 CompilerThread1" daemon [_thread_in_native, id=10404, stack(0x000000001ac50000,0x000000001ad50000)]
  0x000000001a283000 JavaThread "C2 CompilerThread0" daemon [_thread_in_native, id=10400, stack(0x000000001ab50000,0x000000001ac50000)]
  0x000000001a282000 JavaThread "Attach Listener" daemon [_thread_blocked, id=10396, stack(0x000000001aa50000,0x000000001ab50000)]
  0x000000001a280800 JavaThread "Signal Dispatcher" daemon [_thread_blocked, id=10316, stack(0x000000001a950000,0x000000001aa50000)]
  0x00000000033fe000 JavaThread "Finalizer" daemon [_thread_blocked, id=10388, stack(0x000000001a750000,0x000000001a850000)]
  0x000000001a270800 JavaThread "Reference Handler" daemon [_thread_blocked, id=10376, stack(0x000000001a650000,0x000000001a750000)]
  0x000000000330d800 JavaThread "main" [_thread_blocked, id=8200, stack(0x0000000003200000,0x0000000003300000)]

Other Threads:
  0x0000000018468800 VMThread [stack: 0x000000001a150000,0x000000001a250000] [id=10268]
  0x000000001a310800 WatcherThread [stack: 0x000000001b050000,0x000000001b150000] [id=10332]

VM state:not at safepoint (normal execution)

VM Mutex/Monitor currently owned by a thread: None

heap address: 0x0000000080000000, size: 2048 MB, Compressed Oops mode: 32-bit
Narrow klass base: 0x0000000000000000, Narrow klass shift: 3
Compressed class space size: 1073741824 Address: 0x0000000100000000

Heap:
 PSYoungGen      total 144384K, used 76785K [0x00000000d5580000, 0x00000000dfe80000, 0x0000000100000000)
  eden space 124928K, 61% used [0x00000000d5580000,0x00000000da07c578,0x00000000dcf80000)
  from space 19456K, 0% used [0x00000000de400000,0x00000000de400000,0x00000000df700000)
  to   space 20992K, 0% used [0x00000000dcf80000,0x00000000dcf80000,0x00000000de400000)
 ParOldGen       total 294400K, used 31974K [0x0000000080000000, 0x0000000091f80000, 0x00000000d5580000)
  object space 294400K, 10% used [0x0000000080000000,0x0000000081f39a28,0x0000000091f80000)
 Metaspace       used 62177K, capacity 63920K, committed 64168K, reserved 1103872K
  class space    used 8324K, capacity 8766K, committed 8872K, reserved 1048576K

Card table byte_map: [0x00000000127c0000,0x0000000012bd0000] byte_map_base: 0x00000000123c0000

Marking Bits: (ParMarkBitMap*) 0x0000000051839f30
 Begin Bits: [0x0000000013680000, 0x0000000015680000)
 End Bits:   [0x0000000015680000, 0x0000000017680000)

Polling page: 0x00000000012d0000

CodeCache: size=245760Kb used=18553Kb max_used=18553Kb free=227206Kb
 bounds [0x0000000003400000, 0x0000000004630000, 0x0000000012400000]
 total_blobs=6070 nmethods=5250 adapters=733
 compilation: enabled

Compilation events (10 events):
Event: 8.861 Thread 0x000000001847b800 nmethod 5777 0x0000000004619910 code [0x0000000004619b40, 0x000000000461a948]
Event: 8.861 Thread 0x000000001847b800 5778       3       groovyjarjarasm.asm.MethodWriter::putFrame (549 bytes)
Event: 8.863 Thread 0x000000001847b800 nmethod 5778 0x000000000461b110 code [0x000000000461b520, 0x000000000461ce98]
Event: 8.867 Thread 0x000000001847b800 5780       3       org.codehaus.groovy.reflection.ParameterTypes::correctArguments (79 bytes)
Event: 8.868 Thread 0x000000001847b800 nmethod 5780 0x000000000461e510 code [0x000000000461e700, 0x000000000461f028]
Event: 8.868 Thread 0x000000001847b800 5781       3       org.codehaus.groovy.runtime.typehandling.NumberMath::isFloatingPoint (20 bytes)
Event: 8.868 Thread 0x000000001847b800 nmethod 5781 0x000000000461f310 code [0x000000000461f480, 0x000000000461f830]
Event: 8.868 Thread 0x000000001847b800 5782       3       groovy.lang.MetaClassImpl::checkInitalised (58 bytes)
Event: 8.869 Thread 0x000000001847b800 nmethod 5782 0x000000000461f8d0 code [0x000000000461fb40, 0x0000000004620c38]
Event: 8.869 Thread 0x000000001847b800 5783   !   3       org.codehaus.groovy.runtime.metaclass.ClosureMetaClass::invokeMethod (872 bytes)

GC Heap History (10 events):
Event: 5.547 GC heap before
{Heap before GC invocations=9 (full 2):
 PSYoungGen      total 101888K, used 88576K [0x00000000d5580000, 0x00000000dcd80000, 0x0000000100000000)
  eden space 88576K, 100% used [0x00000000d5580000,0x00000000dac00000,0x00000000dac00000)
  from space 13312K, 0% used [0x00000000db880000,0x00000000db880000,0x00000000dc580000)
  to   space 12800K, 0% used [0x00000000dac00000,0x00000000dac00000,0x00000000db880000)
 ParOldGen       total 198144K, used 15675K [0x0000000080000000, 0x000000008c180000, 0x00000000d5580000)
  object space 198144K, 7% used [0x0000000080000000,0x0000000080f4ee90,0x000000008c180000)
 Metaspace       used 38241K, capacity 39186K, committed 39336K, reserved 1083392K
  class space    used 5167K, capacity 5453K, committed 5544K, reserved 1048576K
Event: 5.552 GC heap after
Heap after GC invocations=9 (full 2):
 PSYoungGen      total 101376K, used 8429K [0x00000000d5580000, 0x00000000ddb00000, 0x0000000100000000)
  eden space 88576K, 0% used [0x00000000d5580000,0x00000000d5580000,0x00000000dac00000)
  from space 12800K, 65% used [0x00000000dac00000,0x00000000db43b458,0x00000000db880000)
  to   space 12288K, 0% used [0x00000000dcf00000,0x00000000dcf00000,0x00000000ddb00000)
 ParOldGen       total 198144K, used 15683K [0x0000000080000000, 0x000000008c180000, 0x00000000d5580000)
  object space 198144K, 7% used [0x0000000080000000,0x0000000080f50e90,0x000000008c180000)
 Metaspace       used 38241K, capacity 39186K, committed 39336K, reserved 1083392K
  class space    used 5167K, capacity 5453K, committed 5544K, reserved 1048576K
}
Event: 6.631 GC heap before
{Heap before GC invocations=10 (full 2):
 PSYoungGen      total 101376K, used 97005K [0x00000000d5580000, 0x00000000ddb00000, 0x0000000100000000)
  eden space 88576K, 100% used [0x00000000d5580000,0x00000000dac00000,0x00000000dac00000)
  from space 12800K, 65% used [0x00000000dac00000,0x00000000db43b458,0x00000000db880000)
  to   space 12288K, 0% used [0x00000000dcf00000,0x00000000dcf00000,0x00000000ddb00000)
 ParOldGen       total 198144K, used 15683K [0x0000000080000000, 0x000000008c180000, 0x00000000d5580000)
  object space 198144K, 7% used [0x0000000080000000,0x0000000080f50e90,0x000000008c180000)
 Metaspace       used 48044K, capacity 49138K, committed 49448K, reserved 1091584K
  class space    used 6348K, capacity 6664K, committed 6696K, reserved 1048576K
Event: 6.641 GC heap after
Heap after GC invocations=10 (full 2):
 PSYoungGen      total 120832K, used 12256K [0x00000000d5580000, 0x00000000de100000, 0x0000000100000000)
  eden space 108544K, 0% used [0x00000000d5580000,0x00000000d5580000,0x00000000dbf80000)
  from space 12288K, 99% used [0x00000000dcf00000,0x00000000ddaf80e8,0x00000000ddb00000)
  to   space 15872K, 0% used [0x00000000dbf80000,0x00000000dbf80000,0x00000000dcf00000)
 ParOldGen       total 198144K, used 20766K [0x0000000080000000, 0x000000008c180000, 0x00000000d5580000)
  object space 198144K, 10% used [0x0000000080000000,0x0000000081447928,0x000000008c180000)
 Metaspace       used 48044K, capacity 49138K, committed 49448K, reserved 1091584K
  class space    used 6348K, capacity 6664K, committed 6696K, reserved 1048576K
}
Event: 7.681 GC heap before
{Heap before GC invocations=11 (full 2):
 PSYoungGen      total 120832K, used 120800K [0x00000000d5580000, 0x00000000de100000, 0x0000000100000000)
  eden space 108544K, 100% used [0x00000000d5580000,0x00000000dbf80000,0x00000000dbf80000)
  from space 12288K, 99% used [0x00000000dcf00000,0x00000000ddaf80e8,0x00000000ddb00000)
  to   space 15872K, 0% used [0x00000000dbf80000,0x00000000dbf80000,0x00000000dcf00000)
 ParOldGen       total 198144K, used 20766K [0x0000000080000000, 0x000000008c180000, 0x00000000d5580000)
  object space 198144K, 10% used [0x0000000080000000,0x0000000081447928,0x000000008c180000)
 Metaspace       used 55479K, capacity 56908K, committed 57256K, reserved 1099776K
  class space    used 7369K, capacity 7783K, committed 7848K, reserved 1048576K
Event: 7.697 GC heap after
Heap after GC invocations=11 (full 2):
 PSYoungGen      total 124416K, used 15861K [0x00000000d5580000, 0x00000000df700000, 0x0000000100000000)
  eden space 108544K, 0% used [0x00000000d5580000,0x00000000d5580000,0x00000000dbf80000)
  from space 15872K, 99% used [0x00000000dbf80000,0x00000000dcefd6e0,0x00000000dcf00000)
  to   space 19456K, 0% used [0x00000000de400000,0x00000000de400000,0x00000000df700000)
 ParOldGen       total 198144K, used 25025K [0x0000000080000000, 0x000000008c180000, 0x00000000d5580000)
  object space 198144K, 12% used [0x0000000080000000,0x0000000081870750,0x000000008c180000)
 Metaspace       used 55479K, capacity 56908K, committed 57256K, reserved 1099776K
  class space    used 7369K, capacity 7783K, committed 7848K, reserved 1048576K
}
Event: 8.027 GC heap before
{Heap before GC invocations=12 (full 2):
 PSYoungGen      total 124416K, used 34778K [0x00000000d5580000, 0x00000000df700000, 0x0000000100000000)
  eden space 108544K, 17% used [0x00000000d5580000,0x00000000d67f91a0,0x00000000dbf80000)
  from space 15872K, 99% used [0x00000000dbf80000,0x00000000dcefd6e0,0x00000000dcf00000)
  to   space 19456K, 0% used [0x00000000de400000,0x00000000de400000,0x00000000df700000)
 ParOldGen       total 198144K, used 25025K [0x0000000080000000, 0x000000008c180000, 0x00000000d5580000)
  object space 198144K, 12% used [0x0000000080000000,0x0000000081870750,0x000000008c180000)
 Metaspace       used 57474K, capacity 59094K, committed 59160K, reserved 1099776K
  class space    used 7621K, capacity 8046K, committed 8104K, reserved 1048576K
Event: 8.040 GC heap after
Heap after GC invocations=12 (full 2):
 PSYoungGen      total 144384K, used 17608K [0x00000000d5580000, 0x00000000dfe80000, 0x0000000100000000)
  eden space 124928K, 0% used [0x00000000d5580000,0x00000000d5580000,0x00000000dcf80000)
  from space 19456K, 90% used [0x00000000de400000,0x00000000df532268,0x00000000df700000)
  to   space 20992K, 0% used [0x00000000dcf80000,0x00000000dcf80000,0x00000000de400000)
 ParOldGen       total 198144K, used 25097K [0x0000000080000000, 0x000000008c180000, 0x00000000d5580000)
  object space 198144K, 12% used [0x0000000080000000,0x0000000081882760,0x000000008c180000)
 Metaspace       used 57474K, capacity 59094K, committed 59160K, reserved 1099776K
  class space    used 7621K, capacity 8046K, committed 8104K, reserved 1048576K
}
Event: 8.040 GC heap before
{Heap before GC invocations=13 (full 3):
 PSYoungGen      total 144384K, used 17608K [0x00000000d5580000, 0x00000000dfe80000, 0x0000000100000000)
  eden space 124928K, 0% used [0x00000000d5580000,0x00000000d5580000,0x00000000dcf80000)
  from space 19456K, 90% used [0x00000000de400000,0x00000000df532268,0x00000000df700000)
  to   space 20992K, 0% used [0x00000000dcf80000,0x00000000dcf80000,0x00000000de400000)
 ParOldGen       total 198144K, used 25097K [0x0000000080000000, 0x000000008c180000, 0x00000000d5580000)
  object space 198144K, 12% used [0x0000000080000000,0x0000000081882760,0x000000008c180000)
 Metaspace       used 57474K, capacity 59094K, committed 59160K, reserved 1099776K
  class space    used 7621K, capacity 8046K, committed 8104K, reserved 1048576K
Event: 8.273 GC heap after
Heap after GC invocations=13 (full 3):
 PSYoungGen      total 144384K, used 0K [0x00000000d5580000, 0x00000000dfe80000, 0x0000000100000000)
  eden space 124928K, 0% used [0x00000000d5580000,0x00000000d5580000,0x00000000dcf80000)
  from space 19456K, 0% used [0x00000000de400000,0x00000000de400000,0x00000000df700000)
  to   space 20992K, 0% used [0x00000000dcf80000,0x00000000dcf80000,0x00000000de400000)
 ParOldGen       total 294400K, used 31974K [0x0000000080000000, 0x0000000091f80000, 0x00000000d5580000)
  object space 294400K, 10% used [0x0000000080000000,0x0000000081f39a28,0x0000000091f80000)
 Metaspace       used 57444K, capacity 58992K, committed 59160K, reserved 1099776K
  class space    used 7612K, capacity 8029K, committed 8104K, reserved 1048576K
}

Deoptimization events (10 events):
Event: 7.713 Thread 0x000000001c798800 Uncommon trap: reason=unstable_if action=reinterpret pc=0x00000000043c844c method=java.util.regex.Pattern$Ctype.isSatisfiedBy(I)Z @ 4
Event: 7.722 Thread 0x000000001c798800 Uncommon trap: reason=unstable_if action=reinterpret pc=0x00000000037ce128 method=com.sun.org.apache.xerces.internal.impl.io.UTF8Reader.read([CII)I @ 131
Event: 7.822 Thread 0x000000001c798800 Uncommon trap: reason=unstable_if action=reinterpret pc=0x00000000043ae4b4 method=com.sun.org.apache.xerces.internal.impl.XMLEntityScanner.checkBeforeLoad(Lcom/sun/xml/internal/stream/Entity$ScannedEntity;II)I @ 18
Event: 7.885 Thread 0x000000001c798800 Uncommon trap: reason=unstable_if action=reinterpret pc=0x00000000041a1b98 method=com.google.gson.stream.JsonReader.doPeek()I @ 315
Event: 8.387 Thread 0x000000001c798800 Uncommon trap: reason=unstable_if action=reinterpret pc=0x0000000003a13ca4 method=java.lang.String.lastIndexOf([CII[CIII)I @ 17
Event: 8.473 Thread 0x000000001c798800 Uncommon trap: reason=unstable_if action=reinterpret pc=0x00000000036a747c method=java.util.concurrent.ConcurrentHashMap.putVal(Ljava/lang/Object;Ljava/lang/Object;Z)Ljava/lang/Object; @ 195
Event: 8.497 Thread 0x000000001c798800 Uncommon trap: reason=unstable_if action=reinterpret pc=0x0000000004554a48 method=kotlin.reflect.jvm.internal.impl.protobuf.CodedInputStream.readRawVarint32()I @ 10
Event: 8.827 Thread 0x000000001c798800 Uncommon trap: reason=unstable_if action=reinterpret pc=0x000000000442ac28 method=java.util.regex.Pattern$GroupTail.match(Ljava/util/regex/Matcher;ILjava/lang/CharSequence;)Z @ 73
Event: 8.827 Thread 0x000000001c798800 Uncommon trap: reason=unstable_if action=reinterpret pc=0x000000000442ac28 method=java.util.regex.Pattern$GroupTail.match(Ljava/util/regex/Matcher;ILjava/lang/CharSequence;)Z @ 73
Event: 8.843 Thread 0x000000001c798800 Uncommon trap: reason=unstable_if action=reinterpret pc=0x0000000004166540 method=java.lang.reflect.AccessibleObject.setAccessible0(Ljava/lang/reflect/AccessibleObject;Z)V @ 23

Classes redefined (0 events):
No events

Internal exceptions (10 events):
Event: 8.854 Thread 0x000000001c798800 Exception <a 'java/lang/ClassNotFoundException': java/util/stream/AbstractPipelineBeanInfo> (0x00000000d99c9818) thrown at [D:\src\AOSP-openjdk-cygwin\jdk8u\hotspot\src\share\vm\classfile\systemDictionary.cpp, line 210]
Event: 8.854 Thread 0x000000001c798800 Exception <a 'java/lang/ClassNotFoundException': java/util/stream/PipelineHelperBeanInfo> (0x00000000d99d4940) thrown at [D:\src\AOSP-openjdk-cygwin\jdk8u\hotspot\src\share\vm\classfile\systemDictionary.cpp, line 210]
Event: 8.854 Thread 0x000000001c798800 Exception <a 'java/lang/ClassNotFoundException': java/util/stream/PipelineHelperCustomizer> (0x00000000d99dfb10) thrown at [D:\src\AOSP-openjdk-cygwin\jdk8u\hotspot\src\share\vm\classfile\systemDictionary.cpp, line 210]
Event: 8.854 Thread 0x000000001c798800 Exception <a 'java/lang/ClassNotFoundException': java/util/stream/AbstractPipelineCustomizer> (0x00000000d99ecea0) thrown at [D:\src\AOSP-openjdk-cygwin\jdk8u\hotspot\src\share\vm\classfile\systemDictionary.cpp, line 210]
Event: 8.855 Thread 0x000000001c798800 Exception <a 'java/lang/ClassNotFoundException': java/util/stream/IntPipelineCustomizer> (0x00000000d9a00748) thrown at [D:\src\AOSP-openjdk-cygwin\jdk8u\hotspot\src\share\vm\classfile\systemDictionary.cpp, line 210]
Event: 8.855 Thread 0x000000001c798800 Exception <a 'java/lang/ClassNotFoundException': java/util/stream/IntPipeline$HeadCustomizer> (0x00000000d9a28b70) thrown at [D:\src\AOSP-openjdk-cygwin\jdk8u\hotspot\src\share\vm\classfile\systemDictionary.cpp, line 210]
Event: 8.860 Thread 0x000000001c798800 Exception <a 'java/lang/ClassNotFoundException': java/util/stream/IntPipeline$9BeanInfo> (0x00000000d9ad5b30) thrown at [D:\src\AOSP-openjdk-cygwin\jdk8u\hotspot\src\share\vm\classfile\systemDictionary.cpp, line 210]
Event: 8.860 Thread 0x000000001c798800 Exception <a 'java/lang/ClassNotFoundException': java/util/stream/IntPipeline$StatelessOpBeanInfo> (0x00000000d9ae1ac0) thrown at [D:\src\AOSP-openjdk-cygwin\jdk8u\hotspot\src\share\vm\classfile\systemDictionary.cpp, line 210]
Event: 8.860 Thread 0x000000001c798800 Exception <a 'java/lang/ClassNotFoundException': java/util/stream/IntPipeline$StatelessOpCustomizer> (0x00000000d9aeda80) thrown at [D:\src\AOSP-openjdk-cygwin\jdk8u\hotspot\src\share\vm\classfile\systemDictionary.cpp, line 210]
Event: 8.861 Thread 0x000000001c798800 Exception <a 'java/lang/ClassNotFoundException': java/util/stream/IntPipeline$9Customizer> (0x00000000d9b056f8) thrown at [D:\src\AOSP-openjdk-cygwin\jdk8u\hotspot\src\share\vm\classfile\systemDictionary.cpp, line 210]

Events (10 events):
Event: 8.865 loading class org/codehaus/groovy/runtime/typehandling/BigIntegerMath done
Event: 8.865 loading class org/codehaus/groovy/runtime/typehandling/LongMath
Event: 8.865 loading class org/codehaus/groovy/runtime/typehandling/LongMath done
Event: 8.866 loading class org/codehaus/groovy/runtime/typehandling/IntegerMath
Event: 8.866 loading class org/codehaus/groovy/runtime/typehandling/IntegerMath done
Event: 8.867 loading class org/codehaus/groovy/runtime/typehandling/DefaultTypeTransformation
Event: 8.867 loading class org/codehaus/groovy/runtime/typehandling/DefaultTypeTransformation done
Event: 8.868 loading class groovy/runtime/metaclass/java/lang/SystemMetaClass
Event: 8.868 loading class groovy/runtime/metaclass/java/lang/SystemMetaClass done
Event: 8.869 loading class java/io/Console


Dynamic libraries:
0x00007ff7189d0000 - 0x00007ff718a01000 	C:\Program Files\Android\Android Studio\jre\bin\java.exe
0x00007ffacd6a0000 - 0x00007ffacd890000 	C:\WINDOWS\SYSTEM32\ntdll.dll
0x00007ffacca80000 - 0x00007ffaccb32000 	C:\WINDOWS\System32\KERNEL32.DLL
0x00007ffacb170000 - 0x00007ffacb414000 	C:\WINDOWS\System32\KERNELBASE.dll
0x00007ffacc0a0000 - 0x00007ffacc143000 	C:\WINDOWS\System32\ADVAPI32.dll
0x00007ffacb7e0000 - 0x00007ffacb87e000 	C:\WINDOWS\System32\msvcrt.dll
0x00007ffacb8b0000 - 0x00007ffacb947000 	C:\WINDOWS\System32\sechost.dll
0x00007ffacc1c0000 - 0x00007ffacc2e0000 	C:\WINDOWS\System32\RPCRT4.dll
0x00007ffaccba0000 - 0x00007ffaccd34000 	C:\WINDOWS\System32\USER32.dll
0x00007ffacb5f0000 - 0x00007ffacb611000 	C:\WINDOWS\System32\win32u.dll
0x00007ffacce10000 - 0x00007ffacce36000 	C:\WINDOWS\System32\GDI32.dll
0x00007ffaca630000 - 0x00007ffaca7c5000 	C:\WINDOWS\System32\gdi32full.dll
0x00007ffaca950000 - 0x00007ffaca9ee000 	C:\WINDOWS\System32\msvcp_win.dll
0x00007ffacb4f0000 - 0x00007ffacb5ea000 	C:\WINDOWS\System32\ucrtbase.dll
0x00007ffabdd30000 - 0x00007ffabdfb4000 	C:\WINDOWS\WinSxS\amd64_microsoft.windows.common-controls_6595b64144ccf1df_6.0.18362.900_none_e6beb9d913147d17\COMCTL32.dll
0x00007ffacd1e0000 - 0x00007ffacd515000 	C:\WINDOWS\System32\combase.dll
0x00007ffacb670000 - 0x00007ffacb6f0000 	C:\WINDOWS\System32\bcryptPrimitives.dll
0x00007ffacb750000 - 0x00007ffacb77e000 	C:\WINDOWS\System32\IMM32.DLL
0x0000000050f90000 - 0x0000000051062000 	C:\Program Files\Android\Android Studio\jre\jre\bin\msvcr100.dll
0x0000000051070000 - 0x00000000518b6000 	C:\Program Files\Android\Android Studio\jre\jre\bin\server\jvm.dll
0x00007ffacce40000 - 0x00007ffacce48000 	C:\WINDOWS\System32\PSAPI.DLL
0x00007ffac3340000 - 0x00007ffac3349000 	C:\WINDOWS\SYSTEM32\WSOCK32.dll
0x00007ffabd580000 - 0x00007ffabd58a000 	C:\WINDOWS\SYSTEM32\VERSION.dll
0x00007ffac7140000 - 0x00007ffac7164000 	C:\WINDOWS\SYSTEM32\WINMM.dll
0x00007ffacc150000 - 0x00007ffacc1bf000 	C:\WINDOWS\System32\WS2_32.dll
0x00007ffab4d60000 - 0x00007ffab4d8d000 	C:\WINDOWS\SYSTEM32\WINMMBASE.dll
0x00007ffacb620000 - 0x00007ffacb66a000 	C:\WINDOWS\System32\cfgmgr32.dll
0x00007ffabce40000 - 0x00007ffabce4f000 	C:\Program Files\Android\Android Studio\jre\jre\bin\verify.dll
0x00007ffaae620000 - 0x00007ffaae649000 	C:\Program Files\Android\Android Studio\jre\jre\bin\java.dll
0x00007ffaaf800000 - 0x00007ffaaf816000 	C:\Program Files\Android\Android Studio\jre\jre\bin\zip.dll
0x00007ffacb950000 - 0x00007ffacc036000 	C:\WINDOWS\System32\SHELL32.dll
0x00007ffacc2e0000 - 0x00007ffacc389000 	C:\WINDOWS\System32\shcore.dll
0x00007ffaca9f0000 - 0x00007ffacb170000 	C:\WINDOWS\System32\windows.storage.dll
0x00007ffaca5b0000 - 0x00007ffaca5d3000 	C:\WINDOWS\System32\profapi.dll
0x00007ffaca5e0000 - 0x00007ffaca62a000 	C:\WINDOWS\System32\powrprof.dll
0x00007ffaca560000 - 0x00007ffaca570000 	C:\WINDOWS\System32\UMPDC.dll
0x00007ffaccb40000 - 0x00007ffaccb92000 	C:\WINDOWS\System32\shlwapi.dll
0x00007ffaca570000 - 0x00007ffaca581000 	C:\WINDOWS\System32\kernel.appcore.dll
0x00007ffacb4d0000 - 0x00007ffacb4e7000 	C:\WINDOWS\System32\cryptsp.dll
0x00007ffaad5c0000 - 0x00007ffaad5da000 	C:\Program Files\Android\Android Studio\jre\jre\bin\net.dll
0x00007ffab0f40000 - 0x00007ffab1116000 	C:\WINDOWS\SYSTEM32\urlmon.dll
0x00007ffab0c90000 - 0x00007ffab0f36000 	C:\WINDOWS\SYSTEM32\iertutil.dll
0x00007ffac9ea0000 - 0x00007ffac9eac000 	C:\WINDOWS\SYSTEM32\CRYPTBASE.DLL
0x00007ffac9d20000 - 0x00007ffac9d87000 	C:\WINDOWS\system32\mswsock.dll
0x00007ffaaa1e0000 - 0x00007ffaaa1f3000 	C:\Program Files\Android\Android Studio\jre\jre\bin\nio.dll
0x00007ffaa6be0000 - 0x00007ffaa6bfe000 	C:\Users\mdsir\.gradle\native\25\windows-amd64\native-platform.dll
0x00007ffabc4d0000 - 0x00007ffabc4dd000 	C:\Program Files\Android\Android Studio\jre\jre\bin\management.dll
0x00007ffac98a0000 - 0x00007ffac98d3000 	C:\WINDOWS\system32\rsaenh.dll
0x00007ffaca7d0000 - 0x00007ffaca7f6000 	C:\WINDOWS\System32\bcrypt.dll
0x00007ffaca480000 - 0x00007ffaca4a5000 	C:\WINDOWS\SYSTEM32\USERENV.dll
0x00007ffac9a40000 - 0x00007ffac9a7a000 	C:\WINDOWS\SYSTEM32\IPHLPAPI.DLL
0x00007ffacb880000 - 0x00007ffacb888000 	C:\WINDOWS\System32\NSI.dll
0x00007ffaba020000 - 0x00007ffaba036000 	C:\WINDOWS\SYSTEM32\dhcpcsvc6.DLL
0x00007ffaba000000 - 0x00007ffaba01c000 	C:\WINDOWS\SYSTEM32\dhcpcsvc.DLL
0x00007ffac9a80000 - 0x00007ffac9b4b000 	C:\WINDOWS\SYSTEM32\DNSAPI.dll
0x00007ffac8e50000 - 0x00007ffac9044000 	C:\WINDOWS\SYSTEM32\dbghelp.dll

VM Arguments:
jvm_args: -Xmx2048m -Dfile.encoding=windows-1252 -Duser.country=US -Duser.language=en -Duser.variant 
java_command: org.gradle.launcher.daemon.bootstrap.GradleDaemon 5.1.1
java_class_path (initial): C:\Users\mdsir\.gradle\wrapper\dists\gradle-5.1.1-all\97z1ksx6lirer3kbvdnh7jtjg\gradle-5.1.1\lib\gradle-launcher-5.1.1.jar
Launcher Type: SUN_STANDARD

Environment Variables:
CLASSPATH=C:\Program Files\YBM\BarcodeShipping\\lib\\*
PATH=C:\Program Files (x86)\Common Files\Oracle\Java\javapath;C:\WINDOWS\system32;C:\WINDOWS;C:\WINDOWS\System32\Wbem;C:\WINDOWS\System32\WindowsPowerShell\v1.0\;C:\WINDOWS\System32\OpenSSH\;C:\Program Files\nodejs\;C:\Program Files\Git\cmd;C:\Program Files (x86)\Yarn\bin\;C:\ProgramData\ComposerSetup\bin;C:\Users\mdsir\AppData\Local\Microsoft\WindowsApps;;C:\Users\mdsir\AppData\Local\Programs\Microsoft VS Code\bin;C:\Users\mdsir\AppData\Roaming\npm;C:\Users\mdsir\AppData\Local\Yarn\bin;C:\Users\mdsir\AppData\Local\Programs\EmEditor;D:\xampp\php;C:\Users\mdsir\AppData\Local\ComposerSetup\bin;C:\Users\mdsir\AppData\Roaming\Composer\vendor\bin
USERNAME=mdsir
OS=Windows_NT
PROCESSOR_IDENTIFIER=Intel64 Family 6 Model 142 Stepping 11, GenuineIntel



---------------  S Y S T E M  ---------------

OS: Windows 10.0 , 64 bit Build 18362 (10.0.18362.900)

CPU:total 8 (initial active 8) (4 cores per cpu, 2 threads per core) family 6 model 142 stepping 11, cmov, cx8, fxsr, mmx, sse, sse2, sse3, ssse3, sse4.1, sse4.2, popcnt, avx, avx2, aes, clmul, erms, 3dnowpref, lzcnt, ht, tsc, tscinvbit, bmi1, bmi2, adx

Memory: 4k page, physical 16579940k(10293972k free), swap 19594596k(13442440k free)

vm_info: OpenJDK 64-Bit Server VM (25.212-b04) for windows-amd64 JRE (1.8.0_212-release-1586-b04), built by "builder" with MS VC++ 10.0 (VS2010)

time: Mon Jun 29 22:47:25 2020
timezone: Bangladesh Standard Time
elapsed time: 8 seconds (0d 0h 0m 8s)

